<?xml version="1.0" encoding="UTF-8"?>
<testng-results ignored="0" total="2" passed="2" failed="0" skipped="0">
  <reporter-output>
  </reporter-output>
  <suite started-at="2025-10-31T11:47:55 IST" name="Default suite" finished-at="2025-10-31T11:48:35 IST" duration-ms="40239">
    <groups>
    </groups>
    <test started-at="2025-10-31T11:47:55 IST" name="Default test" finished-at="2025-10-31T11:48:35 IST" duration-ms="40239">
      <class name="testcase.TC001_createlead">
        <test-method is-config="true" signature="preCondition()[pri:0, instance:testcase.TC001_createlead@26d9b808]" started-at="2025-10-31T11:47:56 IST" name="preCondition" finished-at="2025-10-31T11:48:04 IST" duration-ms="7818" status="PASS">
          <reporter-output>
          </reporter-output>
        </test-method> <!-- preCondition -->
        <test-method signature="createlead(java.lang.String,java.lang.String,java.lang.String,java.lang.String,java.lang.String)[pri:0, instance:testcase.TC001_createlead@26d9b808]" started-at="2025-10-31T11:48:04 IST" name="createlead" data-provider="fetchdata" finished-at="2025-10-31T11:48:11 IST" duration-ms="6868" status="PASS">
          <params>
            <param index="0">
              <value>
                <![CDATA[DemoCSR]]>
              </value>
            </param>
            <param index="1">
              <value>
                <![CDATA[crmsfa]]>
              </value>
            </param>
            <param index="2">
              <value>
                <![CDATA[MNC]]>
              </value>
            </param>
            <param index="3">
              <value>
                <![CDATA[Aishwarya ]]>
              </value>
            </param>
            <param index="4">
              <value>
                <![CDATA[Rajasegaran]]>
              </value>
            </param>
          </params>
          <reporter-output>
          </reporter-output>
        </test-method> <!-- createlead -->
        <test-method is-config="true" signature="postCondition()[pri:0, instance:testcase.TC001_createlead@26d9b808]" started-at="2025-10-31T11:48:11 IST" name="postCondition" finished-at="2025-10-31T11:48:12 IST" duration-ms="355" status="PASS">
          <reporter-output>
          </reporter-output>
        </test-method> <!-- postCondition -->
        <test-method is-config="true" signature="preCondition()[pri:0, instance:testcase.TC001_createlead@26d9b808]" started-at="2025-10-31T11:48:12 IST" name="preCondition" finished-at="2025-10-31T11:48:19 IST" duration-ms="7166" status="PASS">
          <reporter-output>
          </reporter-output>
        </test-method> <!-- preCondition -->
        <test-method signature="createlead(java.lang.String,java.lang.String,java.lang.String,java.lang.String,java.lang.String)[pri:0, instance:testcase.TC001_createlead@26d9b808]" started-at="2025-10-31T11:48:19 IST" name="createlead" data-provider="fetchdata" finished-at="2025-10-31T11:48:35 IST" duration-ms="16375" status="PASS">
          <params>
            <param index="0">
              <value>
                <![CDATA[demosalesmanager]]>
              </value>
            </param>
            <param index="1">
              <value>
                <![CDATA[crmsfa]]>
              </value>
            </param>
            <param index="2">
              <value>
                <![CDATA[MNCC]]>
              </value>
            </param>
            <param index="3">
              <value>
                <![CDATA[Aishwarya ]]>
              </value>
            </param>
            <param index="4">
              <value>
                <![CDATA[Rajasegaran]]>
              </value>
            </param>
          </params>
          <reporter-output>
          </reporter-output>
        </test-method> <!-- createlead -->
        <test-method is-config="true" signature="postCondition()[pri:0, instance:testcase.TC001_createlead@26d9b808]" started-at="2025-10-31T11:48:35 IST" name="postCondition" finished-at="2025-10-31T11:48:35 IST" duration-ms="306" status="PASS">
          <reporter-output>
          </reporter-output>
        </test-method> <!-- postCondition -->
      </class> <!-- testcase.TC001_createlead -->
    </test> <!-- Default test -->
  </suite> <!-- Default suite -->
</testng-results>
